#name "grading/wq0607-c4.cool"
#3 STR_CONST "\\-"
#3 '-'
#3 STR_CONST "--"
#3 STR_CONST "\\"
#3 STR_CONST "\"--\""
#3 ERROR "\\"
#3 '-'
#3 ERROR "\\"
#3 STR_CONST ""
#3 ERROR "\\"
#3 STR_CONST "--\\"
#3 ERROR "\\"
#3 STR_CONST "\\"
#3 STR_CONST "\\"
#3 STR_CONST "\"--\""
#3 ERROR "\\"
#3 ERROR "\\"
#3 STR_CONST ""
#3 ERROR "\\"
#3 STR_CONST "--\\"
#3 ERROR "\\"
#3 STR_CONST "\\"
#3 STR_CONST "--"
#3 ERROR "\\"
#3 STR_CONST "\""
#3 ERROR "\\"
#3 ERROR "Unterminated string constant"
#3 STR_CONST "-\""
#3 ERROR "\\"
